[debug] [2025-09-18T20:12:18.403Z] ----------------------------------------------------------------------
[debug] [2025-09-18T20:12:18.408Z] Command:       /usr/local/bin/firebase /home/trygve/.cache/firebase/tools/lib/node_modules/firebase-tools/lib/bin/firebase hosting:channel:deploy CHANNEL_ID
[debug] [2025-09-18T20:12:18.408Z] CLI Version:   14.15.1
[debug] [2025-09-18T20:12:18.408Z] Platform:      linux
[debug] [2025-09-18T20:12:18.409Z] Node Version:  v20.18.2
[debug] [2025-09-18T20:12:18.409Z] Time:          Thu Sep 18 2025 22:12:18 GMT+0200 (Central European Summer Time)
[debug] [2025-09-18T20:12:18.409Z] ----------------------------------------------------------------------
[debug] 
[debug] [2025-09-18T20:12:18.413Z] >>> [apiv2][query] GET https://firebase-public.firebaseio.com/cli.json [none]
[debug] [2025-09-18T20:12:18.910Z] > command requires scopes: ["email","openid","https://www.googleapis.com/auth/cloudplatformprojects.readonly","https://www.googleapis.com/auth/firebase","https://www.googleapis.com/auth/cloud-platform"]
[debug] [2025-09-18T20:12:18.911Z] > authorizing via signed-in user (trygveruud@gmail.com)
[debug] [2025-09-18T20:12:18.911Z] [iam] checking project secret-hitler-project for permissions ["firebase.projects.get","firebasehosting.sites.update"]
[debug] [2025-09-18T20:12:18.912Z] Checked if tokens are valid: false, expires at: 1756759802949
[debug] [2025-09-18T20:12:18.913Z] Checked if tokens are valid: false, expires at: 1756759802949
[debug] [2025-09-18T20:12:18.913Z] > refreshing access token with scopes: []
[debug] [2025-09-18T20:12:18.915Z] >>> [apiv2][query] POST https://www.googleapis.com/oauth2/v3/token [none]
[debug] [2025-09-18T20:12:18.915Z] >>> [apiv2][body] POST https://www.googleapis.com/oauth2/v3/token [omitted]
[debug] [2025-09-18T20:12:19.054Z] <<< [apiv2][status] POST https://www.googleapis.com/oauth2/v3/token 200
[debug] [2025-09-18T20:12:19.055Z] <<< [apiv2][body] POST https://www.googleapis.com/oauth2/v3/token [omitted]
[debug] [2025-09-18T20:12:19.084Z] >>> [apiv2][query] POST https://cloudresourcemanager.googleapis.com/v1/projects/secret-hitler-project:testIamPermissions [none]
[debug] [2025-09-18T20:12:19.084Z] >>> [apiv2][(partial)header] POST https://cloudresourcemanager.googleapis.com/v1/projects/secret-hitler-project:testIamPermissions x-goog-quota-user=projects/secret-hitler-project
[debug] [2025-09-18T20:12:19.085Z] >>> [apiv2][body] POST https://cloudresourcemanager.googleapis.com/v1/projects/secret-hitler-project:testIamPermissions {"permissions":["firebase.projects.get","firebasehosting.sites.update"]}
[debug] [2025-09-18T20:12:19.257Z] <<< [apiv2][status] GET https://firebase-public.firebaseio.com/cli.json 200
[debug] [2025-09-18T20:12:19.257Z] <<< [apiv2][body] GET https://firebase-public.firebaseio.com/cli.json {"cloudBuildErrorAfter":1594252800000,"cloudBuildWarnAfter":1590019200000,"defaultNode10After":1594252800000,"minVersion":"3.0.5","node8DeploysDisabledAfter":1613390400000,"node8RuntimeDisabledAfter":1615809600000,"node8WarnAfter":1600128000000}
